<?xml version="1.0" encoding="UTF-8"?>
<testsuite xmlns:xsi="http://www.w3.org/2001/XMLSchema-instance" xsi:noNamespaceSchemaLocation="https://maven.apache.org/surefire/maven-surefire-plugin/xsd/surefire-test-report-3.0.xsd" version="3.0" name="com.jlox.AppTest" time="0.013" tests="1" errors="0" skipped="0" failures="0">
  <properties>
    <property name="java.specification.version" value="17"/>
    <property name="sun.cpu.isalist" value="amd64"/>
    <property name="sun.jnu.encoding" value="GBK"/>
    <property name="java.class.path" value="E:\1-code\__repo__\jlox-rust\jlox\target\test-classes;E:\1-code\__repo__\jlox-rust\jlox\target\classes;E:\1-code\JAVA\.m2\repository\junit\junit\3.8.1\junit-3.8.1.jar;"/>
    <property name="java.vm.vendor" value="Oracle Corporation"/>
    <property name="sun.arch.data.model" value="64"/>
    <property name="user.variant" value=""/>
    <property name="java.vendor.url" value="https://java.oracle.com/"/>
    <property name="user.timezone" value="Asia/Shanghai"/>
    <property name="os.name" value="Windows 10"/>
    <property name="java.vm.specification.version" value="17"/>
    <property name="sun.java.launcher" value="SUN_STANDARD"/>
    <property name="user.country" value="CN"/>
    <property name="sun.boot.library.path" value="D:\Scoop\apps\openjdk17\current\bin"/>
    <property name="sun.java.command" value="C:\Users\Administrator\AppData\Local\Temp\surefire1217727447747924666\surefirebooter-20241110125644582_3.jar C:\Users\Administrator\AppData\Local\Temp\surefire1217727447747924666 2024-11-10T12-56-43_156-jvmRun1 surefire-20241110125644582_1tmp surefire_0-20241110125644582_2tmp"/>
    <property name="jdk.debug" value="release"/>
    <property name="surefire.test.class.path" value="E:\1-code\__repo__\jlox-rust\jlox\target\test-classes;E:\1-code\__repo__\jlox-rust\jlox\target\classes;E:\1-code\JAVA\.m2\repository\junit\junit\3.8.1\junit-3.8.1.jar;"/>
    <property name="sun.cpu.endian" value="little"/>
    <property name="user.home" value="C:\Users\Administrator"/>
    <property name="user.language" value="zh"/>
    <property name="java.specification.vendor" value="Oracle Corporation"/>
    <property name="java.version.date" value="2022-01-18"/>
    <property name="java.home" value="D:\Scoop\apps\openjdk17\current"/>
    <property name="file.separator" value="\"/>
    <property name="basedir" value="E:\1-code\__repo__\jlox-rust\jlox"/>
    <property name="java.vm.compressedOopsMode" value="Zero based"/>
    <property name="line.separator" value="&#10;"/>
    <property name="java.vm.specification.vendor" value="Oracle Corporation"/>
    <property name="java.specification.name" value="Java Platform API Specification"/>
    <property name="surefire.real.class.path" value="C:\Users\Administrator\AppData\Local\Temp\surefire1217727447747924666\surefirebooter-20241110125644582_3.jar"/>
    <property name="user.script" value=""/>
    <property name="sun.management.compiler" value="HotSpot 64-Bit Tiered Compilers"/>
    <property name="java.runtime.version" value="17.0.2+8-86"/>
    <property name="user.name" value="Administrator"/>
    <property name="path.separator" value=";"/>
    <property name="os.version" value="10.0"/>
    <property name="java.runtime.name" value="OpenJDK Runtime Environment"/>
    <property name="file.encoding" value="GBK"/>
    <property name="java.vm.name" value="OpenJDK 64-Bit Server VM"/>
    <property name="localRepository" value="E:\1-code\JAVA\.m2\repository"/>
    <property name="java.vendor.url.bug" value="https://bugreport.java.com/bugreport/"/>
    <property name="java.io.tmpdir" value="C:\Users\Administrator\AppData\Local\Temp\"/>
    <property name="java.version" value="17.0.2"/>
    <property name="user.dir" value="E:\1-code\__repo__\jlox-rust\jlox"/>
    <property name="os.arch" value="amd64"/>
    <property name="java.vm.specification.name" value="Java Virtual Machine Specification"/>
    <property name="sun.os.patch.level" value=""/>
    <property name="native.encoding" value="GBK"/>
    <property name="java.library.path" value="D:\Scoop\apps\openjdk17\current\bin;C:\Windows\Sun\Java\bin;C:\Windows\system32;C:\Windows;C:\Windows\system32;C:\Windows;C:\Windows\System32\Wbem;C:\Windows\System32\WindowsPowerShell\v1.0\;C:\Windows\System32\OpenSSH\;C:\Program Files\dotnet\;C:\Program Files (x86)\NVIDIA Corporation\PhysX\Common;C:\Program Files (x86)\Windows Kits\10\Windows Performance Toolkit\;C:\Program Files\NVIDIA GPU Computing Toolkit\CUDA\v12.4\bin;C:\Program Files\NVIDIA GPU Computing Toolkit\CUDA\v12.4\libnvvp;C:\Program Files\NVIDIA Corporation\NVIDIA NvDLISR;C:\Program Files\NVIDIA Corporation\Nsight Compute 2024.1.0\;E:\NODEJS\nvm;E:\NODEJS\nodejs;C:\Program Files\Docker\Docker\resources\bin;C:\Program Files\WireGuard\;D:\VMware\bin\;E:\1-Installed\.cargo\bin;D:\Scoop\apps\openjdk17\current\bin;D:\Scoop\shims;C:\mingw64\bin;C:\Users\Administrator\.dotnet\tools;C:\Users\Administrator\AppData\Local\Android\Sdk\platform-tools;E:\1-Installed\ffmpeg\bin;E:\1-Installed\flutter\bin;E:\1-Installed\.cargo\bin;E:\1-Installed\nginx-1.26.1\bin;E:\1-Installed\.maven\apache-maven-3.9.8\bin;E:\1-Installed\.cargo\bin;E:\1-Installed\.go\bin;D:\POSTGRESQL\bin;E:\1-Installed\libtorch-2.5.0\lib;;C:\Windows\System32\Wbem;D:\Miniforge3\condabin;D:\Miniforge3\Lib;D:\Miniforge3\Scripts;;E:\NODEJS\nvm;E:\NODEJS\nodejs;D:\Scoop\shims;D:\Microsoft VS Code\bin;E:\texlive\2024\bin\windows;E:\1-code\CPP\opencv\opencv455\build\x64\vc15\bin;."/>
    <property name="java.vm.info" value="mixed mode, sharing"/>
    <property name="java.vendor" value="Oracle Corporation"/>
    <property name="java.vm.version" value="17.0.2+8-86"/>
    <property name="sun.io.unicode.encoding" value="UnicodeLittle"/>
    <property name="java.class.version" value="61.0"/>
  </properties>
  <testcase name="testApp" classname="com.jlox.AppTest" time="0.001"/>
</testsuite>